{"level":"error","message":"Unexpected token 'p', ...\"  \"role\": provider,\r\"... is not valid JSON - POST /api/auth/signup","timestamp":"2025-03-02T07:49:22.189Z"}
{"level":"error","message":"Unexpected token 'D', ...\"  \"name\": Donato.Ksh\"... is not valid JSON - POST /api/auth/signup","timestamp":"2025-03-02T08:44:54.538Z"}
{"level":"error","message":"Unexpected token 'W', ...\"  \"name\": Willie.Haa\"... is not valid JSON - POST /api/auth/signup","timestamp":"2025-03-02T08:45:49.470Z"}
{"level":"error","message":"Unexpected token 'S', ...\"  \"name\": Stiedemann\"... is not valid JSON - POST /api/auth/signup","timestamp":"2025-03-02T08:47:07.375Z"}
{"level":"error","message":"Expected ',' or '}' after property value in JSON at position 19 - POST /seeker/67c48941bf56f47263cd164f/accessItem","timestamp":"2025-03-03T05:31:43.556Z"}
{"level":"info","message":"Checking for existing username: pppp","timestamp":"2025-04-23T10:47:33.087Z"}
{"level":"info","message":"Checking for existing email in ProviderBacklog: p@p.com","timestamp":"2025-04-23T10:47:33.401Z"}
{"level":"info","message":"Hashing password for provider backlog: pppp","timestamp":"2025-04-23T10:47:33.461Z"}
{"level":"info","message":"Password hashed for provider backlog: pppp","timestamp":"2025-04-23T10:47:33.669Z"}
{"level":"info","message":"Provider added to backlog: pppp","timestamp":"2025-04-23T10:47:33.733Z"}
{"level":"info","message":"Signup successful for: pppp","timestamp":"2025-04-23T10:47:33.738Z"}
{"level":"info","message":"Checking credentials for: pppp, Role: provider","timestamp":"2025-04-23T10:48:03.790Z"}
{"level":"info","message":"No credential found, checking backlog for: pppp","timestamp":"2025-04-23T10:48:03.825Z"}
{"level":"info","message":"User in backlog, pending approval: pppp","timestamp":"2025-04-23T10:48:03.864Z"}
{"level":"info","message":"Checking for existing username: rrrr","timestamp":"2025-04-23T10:49:47.358Z"}
{"level":"info","message":"Checking for existing email in SeekerBacklog: r@r.com","timestamp":"2025-04-23T10:49:47.391Z"}
{"level":"info","message":"Hashing password for seeker backlog: rrrr","timestamp":"2025-04-23T10:49:47.436Z"}
{"level":"info","message":"Password hashed for seeker backlog: rrrr","timestamp":"2025-04-23T10:49:47.658Z"}
{"level":"info","message":"Seeker added to backlog: rrrr","timestamp":"2025-04-23T10:49:47.716Z"}
{"level":"info","message":"Signup successful for: rrrr","timestamp":"2025-04-23T10:49:47.719Z"}
{"level":"info","message":"Checking credentials for: admin, Role: admin","timestamp":"2025-04-23T10:50:56.284Z"}
{"level":"info","message":"Login successful for: admin","timestamp":"2025-04-23T10:50:56.541Z"}
{"level":"info","message":"Checking for existing username: cccc","timestamp":"2025-04-23T11:01:26.440Z"}
{"level":"info","message":"Checking for existing email in ProviderBacklog: X@x.com","timestamp":"2025-04-23T11:01:26.495Z"}
{"level":"error","message":"Signup error: Date of birth cannot be in the future","timestamp":"2025-04-23T11:01:26.530Z"}
{"level":"info","message":"Checking for existing username: xxxx","timestamp":"2025-04-23T11:21:15.632Z"}
{"level":"info","message":"Username already exists: xxxx","timestamp":"2025-04-23T11:21:15.841Z"}
{"level":"info","message":"Checking for existing username: qqqq","timestamp":"2025-04-23T11:21:32.611Z"}
{"level":"info","message":"Username already exists: qqqq","timestamp":"2025-04-23T11:21:32.637Z"}
{"level":"info","message":"Checking for existing username: aaaa","timestamp":"2025-04-23T11:21:38.099Z"}
{"level":"info","message":"Checking for existing email in ProviderBacklog: rishabhrai23.11@gmail.com","timestamp":"2025-04-23T11:21:38.126Z"}
{"level":"info","message":"Hashing password for provider backlog: aaaa","timestamp":"2025-04-23T11:21:38.172Z"}
{"level":"info","message":"Password hashed for provider backlog: aaaa","timestamp":"2025-04-23T11:21:38.392Z"}
{"level":"info","message":"Provider added to backlog: aaaa","timestamp":"2025-04-23T11:21:38.442Z"}
{"level":"info","message":"Signup successful for: aaaa","timestamp":"2025-04-23T11:21:38.444Z"}
{"level":"info","message":"Checking credentials for: zzzz, Role: provider","timestamp":"2025-05-06T04:00:30.851Z"}
{"level":"info","message":"Generated JWT token successfully","timestamp":"2025-05-06T04:00:31.478Z"}
{"level":"info","message":"Login successful for: zzzz","timestamp":"2025-05-06T04:00:31.487Z"}
{"level":"info","message":"Verified JWT token successfully","timestamp":"2025-05-06T04:01:21.850Z"}
{"level":"info","message":"Verified JWT token successfully","timestamp":"2025-05-06T04:02:37.745Z"}
{"level":"info","message":"Checking for existing username: provider_1746504321770","timestamp":"2025-05-06T04:05:21.844Z"}
{"level":"info","message":"Checking for existing email in ProviderBacklog: provider_1746504321770@example.com","timestamp":"2025-05-06T04:05:21.879Z"}
{"level":"info","message":"Hashing password for provider backlog: provider_1746504321770","timestamp":"2025-05-06T04:05:21.934Z"}
{"level":"info","message":"Password hashed for provider backlog: provider_1746504321770","timestamp":"2025-05-06T04:05:22.190Z"}
{"level":"info","message":"Provider added to backlog: provider_1746504321770","timestamp":"2025-05-06T04:05:22.259Z"}
{"level":"info","message":"Signup successful for: provider_1746504321770","timestamp":"2025-05-06T04:05:22.261Z"}
{"level":"info","message":"Checking credentials for: xxxx, Role: provider","timestamp":"2025-05-06T04:22:01.062Z"}
{"level":"info","message":"Generated JWT token successfully","timestamp":"2025-05-06T04:22:01.323Z"}
{"level":"info","message":"Login successful for: xxxx","timestamp":"2025-05-06T04:22:01.325Z"}
{"level":"info","message":"Verified JWT token successfully","timestamp":"2025-05-06T04:22:10.269Z"}
{"level":"info","message":"Verified JWT token successfully","timestamp":"2025-05-06T04:22:10.339Z"}
{"level":"info","message":"Verified JWT token successfully","timestamp":"2025-05-06T04:22:10.354Z"}
{"level":"info","message":"Verified JWT token successfully","timestamp":"2025-05-06T04:22:10.653Z"}
{"level":"info","message":"Verified JWT token successfully","timestamp":"2025-05-06T04:22:15.609Z"}
{"level":"info","message":"Verified JWT token successfully","timestamp":"2025-05-06T04:22:15.686Z"}
{"level":"info","message":"Verified JWT token successfully","timestamp":"2025-05-06T04:22:22.729Z"}
{"level":"info","message":"Verified JWT token successfully","timestamp":"2025-05-06T04:22:22.887Z"}
{"level":"info","message":"Verified JWT token successfully","timestamp":"2025-05-06T04:22:24.855Z"}
{"level":"info","message":"Verified JWT token successfully","timestamp":"2025-05-06T04:22:25.092Z"}
{"level":"info","message":"Verified JWT token successfully","timestamp":"2025-05-06T04:22:28.240Z"}
{"level":"info","message":"Verified JWT token successfully","timestamp":"2025-05-06T04:22:28.385Z"}
{"level":"info","message":"Verified JWT token successfully","timestamp":"2025-05-06T04:23:07.612Z"}
{"level":"info","message":"Verified JWT token successfully","timestamp":"2025-05-06T04:23:07.695Z"}
{"level":"info","message":"Verified JWT token successfully","timestamp":"2025-05-06T04:23:11.391Z"}
{"level":"info","message":"Verified JWT token successfully","timestamp":"2025-05-06T04:23:18.075Z"}
{"level":"info","message":"Verified JWT token successfully","timestamp":"2025-05-06T04:23:31.343Z"}
{"level":"error","message":"Failed to verify JWT token: jwt expired","timestamp":"2025-05-06T04:24:14.108Z"}
{"level":"error","message":"Failed to verify JWT token: jwt expired","timestamp":"2025-05-06T04:24:14.122Z"}
{"level":"info","message":"Checking credentials for: pppp, Role: seeker","timestamp":"2025-05-06T04:24:29.499Z"}
{"level":"info","message":"No credential found, checking backlog for: pppp","timestamp":"2025-05-06T04:24:29.545Z"}
{"level":"info","message":"User not found: pppp","timestamp":"2025-05-06T04:24:29.583Z"}
{"level":"info","message":"Checking credentials for: mmmm, Role: seeker","timestamp":"2025-05-06T04:25:04.292Z"}
{"level":"info","message":"Generated JWT token successfully","timestamp":"2025-05-06T04:25:04.572Z"}
{"level":"info","message":"Login successful for: mmmm","timestamp":"2025-05-06T04:25:04.574Z"}
{"level":"info","message":"Verified JWT token successfully","timestamp":"2025-05-06T04:25:13.295Z"}
{"level":"info","message":"Verified JWT token successfully","timestamp":"2025-05-06T04:25:13.339Z"}
{"level":"info","message":"Verified JWT token successfully","timestamp":"2025-05-06T04:25:20.068Z"}
{"level":"info","message":"Verified JWT token successfully","timestamp":"2025-05-06T04:25:20.300Z"}
{"level":"info","message":"Verified JWT token successfully","timestamp":"2025-05-06T04:25:25.357Z"}
{"level":"info","message":"Verified JWT token successfully","timestamp":"2025-05-06T04:25:32.536Z"}
{"level":"info","message":"Verified JWT token successfully","timestamp":"2025-05-06T04:25:35.290Z"}
{"level":"info","message":"Verified JWT token successfully","timestamp":"2025-05-06T04:25:36.794Z"}
{"level":"info","message":"Verified JWT token successfully","timestamp":"2025-05-06T04:25:43.898Z"}
{"level":"info","message":"Verified JWT token successfully","timestamp":"2025-05-06T04:25:45.354Z"}
{"level":"info","message":"Verified JWT token successfully","timestamp":"2025-05-06T04:25:47.030Z"}
{"level":"info","message":"Verified JWT token successfully","timestamp":"2025-05-06T04:27:09.920Z"}
{"level":"info","message":"Verified JWT token successfully","timestamp":"2025-05-06T04:27:10.032Z"}
{"level":"info","message":"Verified JWT token successfully","timestamp":"2025-05-06T04:27:19.939Z"}
{"level":"info","message":"Verified JWT token successfully","timestamp":"2025-05-06T04:27:20.134Z"}
{"level":"info","message":"Verified JWT token successfully","timestamp":"2025-05-06T04:27:20.350Z"}
{"level":"info","message":"Verified JWT token successfully","timestamp":"2025-05-06T04:27:31.416Z"}
{"level":"info","message":"Verified JWT token successfully","timestamp":"2025-05-06T04:27:31.619Z"}
{"level":"info","message":"Verified JWT token successfully","timestamp":"2025-05-06T04:27:31.823Z"}
{"level":"info","message":"Verified JWT token successfully","timestamp":"2025-05-06T04:27:42.928Z"}
{"level":"info","message":"Verified JWT token successfully","timestamp":"2025-05-06T04:27:43.140Z"}
{"level":"info","message":"Verified JWT token successfully","timestamp":"2025-05-06T04:27:43.344Z"}
{"level":"info","message":"Verified JWT token successfully","timestamp":"2025-05-06T04:27:53.609Z"}
{"level":"info","message":"Verified JWT token successfully","timestamp":"2025-05-06T04:27:53.811Z"}
{"level":"info","message":"Verified JWT token successfully","timestamp":"2025-05-06T04:27:54.004Z"}
{"level":"info","message":"Verified JWT token successfully","timestamp":"2025-05-06T04:28:03.104Z"}
{"level":"info","message":"Verified JWT token successfully","timestamp":"2025-05-06T04:28:03.283Z"}
{"level":"info","message":"Verified JWT token successfully","timestamp":"2025-05-06T04:28:03.486Z"}
{"level":"info","message":"Verified JWT token successfully","timestamp":"2025-05-06T04:28:09.189Z"}
{"level":"info","message":"Verified JWT token successfully","timestamp":"2025-05-06T04:28:09.232Z"}
{"level":"info","message":"Verified JWT token successfully","timestamp":"2025-05-06T04:28:16.092Z"}
{"level":"info","message":"Verified JWT token successfully","timestamp":"2025-05-06T04:28:20.729Z"}
{"level":"info","message":"Verified JWT token successfully","timestamp":"2025-05-06T04:28:25.222Z"}
{"level":"info","message":"Verified JWT token successfully","timestamp":"2025-05-06T04:28:29.474Z"}
{"level":"info","message":"Verified JWT token successfully","timestamp":"2025-05-06T04:28:29.627Z"}
{"level":"info","message":"Verified JWT token successfully","timestamp":"2025-05-06T04:28:39.357Z"}
{"level":"info","message":"Verified JWT token successfully","timestamp":"2025-05-06T04:28:39.507Z"}
{"level":"info","message":"Verified JWT token successfully","timestamp":"2025-05-06T04:28:49.921Z"}
{"level":"info","message":"Verified JWT token successfully","timestamp":"2025-05-06T04:28:50.077Z"}
{"level":"info","message":"Verified JWT token successfully","timestamp":"2025-05-06T04:28:59.485Z"}
{"level":"info","message":"Verified JWT token successfully","timestamp":"2025-05-06T04:29:01.415Z"}
{"level":"info","message":"Verified JWT token successfully","timestamp":"2025-05-06T04:29:07.949Z"}
{"level":"info","message":"Verified JWT token successfully","timestamp":"2025-05-06T04:29:12.476Z"}
{"level":"info","message":"Verified JWT token successfully","timestamp":"2025-05-06T04:29:15.776Z"}
{"level":"info","message":"Verified JWT token successfully","timestamp":"2025-05-06T04:29:15.929Z"}
{"level":"info","message":"Verified JWT token successfully","timestamp":"2025-05-06T04:29:24.282Z"}
{"level":"info","message":"Verified JWT token successfully","timestamp":"2025-05-06T04:29:24.441Z"}
{"level":"info","message":"Verified JWT token successfully","timestamp":"2025-05-06T04:29:39.879Z"}
{"level":"info","message":"Verified JWT token successfully","timestamp":"2025-05-06T04:29:39.921Z"}
{"level":"info","message":"Verified JWT token successfully","timestamp":"2025-05-06T04:29:53.962Z"}
{"level":"info","message":"Verified JWT token successfully","timestamp":"2025-05-06T04:29:56.172Z"}
{"level":"info","message":"Verified JWT token successfully","timestamp":"2025-05-06T04:29:58.405Z"}
{"level":"info","message":"Verified JWT token successfully","timestamp":"2025-05-06T04:29:59.746Z"}
{"level":"info","message":"Verified JWT token successfully","timestamp":"2025-05-06T04:30:01.168Z"}
{"level":"info","message":"Verified JWT token successfully","timestamp":"2025-05-06T04:30:02.693Z"}
{"level":"info","message":"Verified JWT token successfully","timestamp":"2025-05-06T04:30:02.842Z"}
{"level":"info","message":"Checking for existing username: gggg","timestamp":"2025-05-06T06:38:19.096Z"}
{"level":"error","message":"Signup error: Could not connect to any servers in your MongoDB Atlas cluster. One common reason is that you're trying to access the database from an IP that isn't whitelisted. Make sure your current IP address is on your Atlas cluster's IP whitelist: https://www.mongodb.com/docs/atlas/security-whitelist/","timestamp":"2025-05-06T06:38:49.108Z"}
{"level":"info","message":"Checking for existing username: gggg","timestamp":"2025-05-06T06:38:59.647Z"}
{"level":"info","message":"Checking for existing email in ProviderBacklog: g@g.com","timestamp":"2025-05-06T06:40:01.130Z"}
{"level":"info","message":"Hashing password for provider backlog: gggg","timestamp":"2025-05-06T06:40:02.905Z"}
{"level":"info","message":"Password hashed for provider backlog: gggg","timestamp":"2025-05-06T06:40:03.143Z"}
{"level":"info","message":"Provider added to backlog: gggg","timestamp":"2025-05-06T06:40:04.571Z"}
{"level":"info","message":"Signup successful for: gggg","timestamp":"2025-05-06T06:40:04.572Z"}
{"level":"info","message":"Checking for existing username: jjjj","timestamp":"2025-05-06T06:40:17.120Z"}
{"level":"info","message":"Checking for existing email in ProviderBacklog: j@j.com","timestamp":"2025-05-06T06:40:18.875Z"}
{"level":"info","message":"Hashing password for provider backlog: jjjj","timestamp":"2025-05-06T06:40:20.987Z"}
{"level":"info","message":"Password hashed for provider backlog: jjjj","timestamp":"2025-05-06T06:40:21.236Z"}
{"level":"info","message":"Provider added to backlog: jjjj","timestamp":"2025-05-06T06:40:23.135Z"}
{"level":"info","message":"Signup successful for: jjjj","timestamp":"2025-05-06T06:40:23.138Z"}
{"level":"info","message":"Checking credentials for: admin, Role: admin","timestamp":"2025-05-06T06:41:21.598Z"}
{"level":"info","message":"Generated JWT token successfully","timestamp":"2025-05-06T06:41:36.264Z"}
{"level":"info","message":"Login successful for: admin","timestamp":"2025-05-06T06:41:36.266Z"}
{"level":"info","message":"Checking credentials for: admin, Role: admin","timestamp":"2025-05-06T06:42:29.955Z"}
{"level":"info","message":"Generated JWT token successfully","timestamp":"2025-05-06T06:42:33.743Z"}
{"level":"info","message":"Login successful for: admin","timestamp":"2025-05-06T06:42:33.745Z"}
{"level":"info","message":"Verified JWT token successfully","timestamp":"2025-05-06T06:42:39.208Z"}
{"level":"info","message":"Verified JWT token successfully","timestamp":"2025-05-06T06:42:46.639Z"}
{"level":"info","message":"Password already hashed, skipping hashing for: jjjj","timestamp":"2025-05-06T06:42:48.028Z"}
{"level":"info","message":"Checking credentials for: jjjj, Role: provider","timestamp":"2025-05-06T06:43:26.841Z"}
{"level":"info","message":"Generated JWT token successfully","timestamp":"2025-05-06T06:43:31.565Z"}
{"level":"info","message":"Login successful for: jjjj","timestamp":"2025-05-06T06:43:31.567Z"}
{"level":"info","message":"Verified JWT token successfully","timestamp":"2025-05-06T06:44:13.069Z"}
{"level":"info","message":"Verified JWT token successfully","timestamp":"2025-05-06T06:44:13.261Z"}
{"level":"info","message":"Verified JWT token successfully","timestamp":"2025-05-06T06:44:13.269Z"}
{"level":"info","message":"Verified JWT token successfully","timestamp":"2025-05-06T06:44:14.844Z"}
{"level":"info","message":"Verified JWT token successfully","timestamp":"2025-05-06T06:44:23.918Z"}
{"level":"info","message":"Verified JWT token successfully","timestamp":"2025-05-06T06:44:26.948Z"}
{"level":"info","message":"Verified JWT token successfully","timestamp":"2025-05-06T06:44:35.528Z"}
{"level":"info","message":"Verified JWT token successfully","timestamp":"2025-05-06T06:44:41.786Z"}
{"level":"info","message":"Verified JWT token successfully","timestamp":"2025-05-06T06:44:42.169Z"}
{"level":"info","message":"Verified JWT token successfully","timestamp":"2025-05-06T06:45:18.529Z"}
{"level":"info","message":"Verified JWT token successfully","timestamp":"2025-05-06T06:45:19.294Z"}
{"level":"info","message":"Verified JWT token successfully","timestamp":"2025-05-06T06:45:52.605Z"}
{"level":"info","message":"Verified JWT token successfully","timestamp":"2025-05-06T06:45:54.336Z"}
{"level":"info","message":"Verified JWT token successfully","timestamp":"2025-05-06T06:46:03.381Z"}
{"level":"info","message":"Verified JWT token successfully","timestamp":"2025-05-06T06:46:07.251Z"}
{"level":"info","message":"Verified JWT token successfully","timestamp":"2025-05-06T06:46:09.988Z"}
{"level":"info","message":"Verified JWT token successfully","timestamp":"2025-05-06T06:46:11.133Z"}
{"level":"info","message":"Verified JWT token successfully","timestamp":"2025-05-06T06:46:36.903Z"}
{"level":"info","message":"Verified JWT token successfully","timestamp":"2025-05-06T06:46:37.162Z"}
{"level":"info","message":"Verified JWT token successfully","timestamp":"2025-05-06T06:46:57.132Z"}
{"level":"info","message":"Verified JWT token successfully","timestamp":"2025-05-06T06:46:57.180Z"}
{"level":"info","message":"Verified JWT token successfully","timestamp":"2025-05-06T06:47:10.889Z"}
{"level":"info","message":"Verified JWT token successfully","timestamp":"2025-05-06T06:47:18.838Z"}
{"level":"info","message":"Verified JWT token successfully","timestamp":"2025-05-06T06:47:26.277Z"}
{"level":"info","message":"Verified JWT token successfully","timestamp":"2025-05-06T06:47:26.348Z"}
{"level":"info","message":"Verified JWT token successfully","timestamp":"2025-05-06T06:47:35.448Z"}
{"level":"info","message":"Verified JWT token successfully","timestamp":"2025-05-06T06:47:35.566Z"}
{"level":"info","message":"Verified JWT token successfully","timestamp":"2025-05-06T06:48:17.222Z"}
{"level":"info","message":"Verified JWT token successfully","timestamp":"2025-05-06T06:48:17.299Z"}
{"level":"info","message":"Verified JWT token successfully","timestamp":"2025-05-06T06:48:25.723Z"}
{"level":"info","message":"Verified JWT token successfully","timestamp":"2025-05-06T06:48:25.760Z"}
{"level":"info","message":"Verified JWT token successfully","timestamp":"2025-05-06T06:48:25.768Z"}
{"level":"info","message":"Verified JWT token successfully","timestamp":"2025-05-06T06:48:26.381Z"}
{"level":"info","message":"Verified JWT token successfully","timestamp":"2025-05-06T06:49:46.929Z"}
{"level":"info","message":"Verified JWT token successfully","timestamp":"2025-05-06T06:49:46.994Z"}
{"level":"info","message":"Verified JWT token successfully","timestamp":"2025-05-06T06:50:05.922Z"}
{"level":"info","message":"Verified JWT token successfully","timestamp":"2025-05-06T06:50:05.965Z"}
{"level":"info","message":"Verified JWT token successfully","timestamp":"2025-05-06T06:50:05.991Z"}
{"level":"info","message":"Verified JWT token successfully","timestamp":"2025-05-06T06:50:06.066Z"}
{"level":"info","message":"Verified JWT token successfully","timestamp":"2025-05-06T06:50:33.187Z"}
{"level":"info","message":"Verified JWT token successfully","timestamp":"2025-05-06T06:50:33.528Z"}
{"level":"info","message":"Checking credentials for: pppp, Role: seeker","timestamp":"2025-05-06T06:51:11.192Z"}
{"level":"info","message":"No credential found, checking backlog for: pppp","timestamp":"2025-05-06T06:51:11.226Z"}
{"level":"info","message":"User not found: pppp","timestamp":"2025-05-06T06:51:11.257Z"}
{"level":"info","message":"Checking credentials for: xxxx, Role: seeker","timestamp":"2025-05-06T06:51:16.115Z"}
{"level":"info","message":"No credential found, checking backlog for: xxxx","timestamp":"2025-05-06T06:51:16.148Z"}
{"level":"info","message":"User not found: xxxx","timestamp":"2025-05-06T06:51:16.181Z"}
{"level":"info","message":"Checking credentials for: mmmm, Role: seeker","timestamp":"2025-05-06T06:51:32.613Z"}
{"level":"info","message":"Generated JWT token successfully","timestamp":"2025-05-06T06:51:32.904Z"}
{"level":"info","message":"Login successful for: mmmm","timestamp":"2025-05-06T06:51:32.906Z"}
{"level":"info","message":"Verified JWT token successfully","timestamp":"2025-05-06T06:51:47.709Z"}
{"level":"info","message":"Verified JWT token successfully","timestamp":"2025-05-06T06:51:47.778Z"}
{"level":"info","message":"Verified JWT token successfully","timestamp":"2025-05-06T06:52:07.323Z"}
{"level":"info","message":"Verified JWT token successfully","timestamp":"2025-05-06T06:52:14.603Z"}
{"level":"info","message":"Verified JWT token successfully","timestamp":"2025-05-06T06:52:27.471Z"}
{"level":"info","message":"Verified JWT token successfully","timestamp":"2025-05-06T06:52:27.527Z"}
{"level":"info","message":"Verified JWT token successfully","timestamp":"2025-05-06T06:52:27.575Z"}
{"level":"info","message":"Verified JWT token successfully","timestamp":"2025-05-06T06:52:27.653Z"}
{"level":"info","message":"Verified JWT token successfully","timestamp":"2025-05-06T06:52:28.761Z"}
{"level":"info","message":"Verified JWT token successfully","timestamp":"2025-05-06T06:52:28.914Z"}
{"level":"info","message":"Verified JWT token successfully","timestamp":"2025-05-06T06:52:46.748Z"}
{"level":"info","message":"Verified JWT token successfully","timestamp":"2025-05-06T06:52:46.990Z"}
{"level":"info","message":"Verified JWT token successfully","timestamp":"2025-05-06T06:52:47.231Z"}
{"level":"info","message":"Verified JWT token successfully","timestamp":"2025-05-06T06:52:54.660Z"}
{"level":"info","message":"Verified JWT token successfully","timestamp":"2025-05-06T06:52:54.714Z"}
{"level":"info","message":"Verified JWT token successfully","timestamp":"2025-05-06T06:52:58.994Z"}
{"level":"info","message":"Verified JWT token successfully","timestamp":"2025-05-06T06:53:10.349Z"}
{"level":"info","message":"Verified JWT token successfully","timestamp":"2025-05-06T06:53:10.540Z"}
{"level":"info","message":"Verified JWT token successfully","timestamp":"2025-05-06T06:53:29.446Z"}
{"level":"info","message":"Verified JWT token successfully","timestamp":"2025-05-06T06:53:34.130Z"}
{"level":"info","message":"Verified JWT token successfully","timestamp":"2025-05-06T06:53:34.319Z"}
{"level":"info","message":"Verified JWT token successfully","timestamp":"2025-05-06T06:53:49.472Z"}
{"level":"info","message":"Verified JWT token successfully","timestamp":"2025-05-06T06:53:53.994Z"}
{"level":"info","message":"Verified JWT token successfully","timestamp":"2025-05-06T06:54:12.570Z"}
{"level":"info","message":"Verified JWT token successfully","timestamp":"2025-05-06T06:54:22.132Z"}
{"level":"info","message":"Verified JWT token successfully","timestamp":"2025-05-06T06:54:22.188Z"}
{"level":"info","message":"Verified JWT token successfully","timestamp":"2025-05-06T06:54:22.198Z"}
{"level":"info","message":"Verified JWT token successfully","timestamp":"2025-05-06T06:54:22.279Z"}
{"level":"info","message":"Verified JWT token successfully","timestamp":"2025-05-06T06:54:22.941Z"}
{"level":"info","message":"Verified JWT token successfully","timestamp":"2025-05-06T06:54:23.064Z"}
{"level":"info","message":"Verified JWT token successfully","timestamp":"2025-05-06T06:54:31.371Z"}
{"level":"info","message":"Verified JWT token successfully","timestamp":"2025-05-06T06:54:31.638Z"}
{"level":"info","message":"Verified JWT token successfully","timestamp":"2025-05-06T06:54:31.864Z"}
{"level":"info","message":"Verified JWT token successfully","timestamp":"2025-05-06T06:54:35.739Z"}
{"level":"info","message":"Verified JWT token successfully","timestamp":"2025-05-06T06:54:38.460Z"}
{"level":"info","message":"Verified JWT token successfully","timestamp":"2025-05-06T06:54:45.652Z"}
{"level":"info","message":"Verified JWT token successfully","timestamp":"2025-05-06T06:54:45.987Z"}
{"level":"info","message":"Verified JWT token successfully","timestamp":"2025-05-06T06:54:51.638Z"}
{"level":"info","message":"Verified JWT token successfully","timestamp":"2025-05-06T06:54:51.821Z"}
{"level":"info","message":"Checking credentials for: xxxx, Role: provider","timestamp":"2025-05-19T04:54:00.418Z"}
{"level":"info","message":"Generated JWT token successfully","timestamp":"2025-05-19T04:54:00.784Z"}
{"level":"info","message":"Login successful for: xxxx","timestamp":"2025-05-19T04:54:00.790Z"}
{"level":"info","message":"Verified JWT token successfully","timestamp":"2025-05-19T04:54:10.578Z"}
{"level":"info","message":"Verified JWT token successfully","timestamp":"2025-05-19T04:54:10.646Z"}
{"level":"info","message":"Verified JWT token successfully","timestamp":"2025-05-19T04:54:10.661Z"}
{"level":"info","message":"Verified JWT token successfully","timestamp":"2025-05-19T04:54:10.767Z"}
{"level":"info","message":"Checking credentials for: imt2021057, Role: provider","timestamp":"2025-07-01T10:23:17.199Z"}
{"level":"info","message":"No credential found, checking backlog for: imt2021057","timestamp":"2025-07-01T10:23:17.272Z"}
{"level":"info","message":"User not found: imt2021057","timestamp":"2025-07-01T10:23:17.334Z"}
{"level":"info","message":"Checking credentials for: shubham27, Role: seeker","timestamp":"2025-07-01T10:31:18.850Z"}
{"level":"info","message":"No credential found, checking backlog for: shubham27","timestamp":"2025-07-01T10:31:18.913Z"}
{"level":"info","message":"User not found: shubham27","timestamp":"2025-07-01T10:31:19.008Z"}
{"level":"info","message":"Checking credentials for: shubham27, Role: seeker","timestamp":"2025-07-01T10:31:27.372Z"}
{"level":"info","message":"No credential found, checking backlog for: shubham27","timestamp":"2025-07-01T10:31:27.417Z"}
{"level":"info","message":"User not found: shubham27","timestamp":"2025-07-01T10:31:27.458Z"}
{"level":"info","message":"Checking credentials for: shubham27, Role: seeker","timestamp":"2025-07-01T10:31:29.724Z"}
{"level":"info","message":"No credential found, checking backlog for: shubham27","timestamp":"2025-07-01T10:31:29.774Z"}
{"level":"info","message":"User not found: shubham27","timestamp":"2025-07-01T10:31:29.828Z"}
{"level":"info","message":"Checking for existing username: shubham27","timestamp":"2025-07-01T10:33:51.447Z"}
{"level":"info","message":"Checking for existing email in ProviderBacklog: shubham272003@gmail.com","timestamp":"2025-07-01T10:33:51.495Z"}
{"level":"info","message":"Hashing password for provider backlog: shubham27","timestamp":"2025-07-01T10:33:51.553Z"}
{"level":"info","message":"Password hashed for provider backlog: shubham27","timestamp":"2025-07-01T10:33:51.645Z"}
{"level":"info","message":"Provider added to backlog: shubham27","timestamp":"2025-07-01T10:33:51.702Z"}
{"level":"info","message":"Signup successful for: shubham27","timestamp":"2025-07-01T10:33:51.702Z"}
